<?xml version="1.0" encoding="UTF-8"?>
<testsuite name="org.springframework.beans.ExtendedBeanInfoFactoryTests" tests="1" skipped="0" failures="0" errors="0" timestamp="2020-08-02T05:18:11" hostname="huanglibaodeMacBook-Pro.local" time="0.609">
  <properties/>
  <testcase name="shouldNotSupportClassHavingOnlyVoidReturningSetter()" classname="org.springframework.beans.ExtendedBeanInfoFactoryTests" time="0.609"/>
  <system-out><![CDATA[]]></system-out>
  <system-err><![CDATA[]]></system-err>
</testsuite>
